<?xml version="1.0" encoding="UTF-8"?>
<testng-results skipped="0" failed="1" ignored="0" total="19" passed="18">
  <reporter-output>
  </reporter-output>
  <suite name="Suite" duration-ms="88045" started-at="2018-11-14T15:02:34Z" finished-at="2018-11-14T15:04:02Z">
    <groups>
    </groups>
    <test name="Test" duration-ms="88045" started-at="2018-11-14T15:02:34Z" finished-at="2018-11-14T15:04:02Z">
      <class name="groundlabspac.QaAutomationTest">
        <test-method status="PASS" signature="Initialize()[pri:0, instance:groundlabspac.QaAutomationTest@457e2f02]" name="Initialize" is-config="true" duration-ms="11" started-at="2018-11-14T15:02:34Z" finished-at="2018-11-14T15:02:34Z">
          <reporter-output>
          </reporter-output>
        </test-method> <!-- Initialize -->
        <test-method status="PASS" signature="UrlNavigate()[pri:0, instance:groundlabspac.QaAutomationTest@457e2f02]" name="UrlNavigate" is-config="true" duration-ms="4318" started-at="2018-11-14T15:02:34Z" finished-at="2018-11-14T15:02:39Z">
          <reporter-output>
          </reporter-output>
        </test-method> <!-- UrlNavigate -->
        <test-method status="PASS" signature="Test1()[pri:0, instance:groundlabspac.QaAutomationTest@457e2f02]" name="Test1" duration-ms="2689" started-at="2018-11-14T15:02:39Z" finished-at="2018-11-14T15:02:41Z">
          <reporter-output>
          </reporter-output>
        </test-method> <!-- Test1 -->
        <test-method status="PASS" signature="UrlNavigate()[pri:0, instance:groundlabspac.QaAutomationTest@457e2f02]" name="UrlNavigate" is-config="true" duration-ms="3395" started-at="2018-11-14T15:02:41Z" finished-at="2018-11-14T15:02:45Z">
          <reporter-output>
          </reporter-output>
        </test-method> <!-- UrlNavigate -->
        <test-method status="PASS" signature="Test10()[pri:0, instance:groundlabspac.QaAutomationTest@457e2f02]" name="Test10" duration-ms="2037" started-at="2018-11-14T15:02:45Z" finished-at="2018-11-14T15:02:47Z">
          <reporter-output>
          </reporter-output>
        </test-method> <!-- Test10 -->
        <test-method status="PASS" signature="UrlNavigate()[pri:0, instance:groundlabspac.QaAutomationTest@457e2f02]" name="UrlNavigate" is-config="true" duration-ms="2953" started-at="2018-11-14T15:02:47Z" finished-at="2018-11-14T15:02:50Z">
          <reporter-output>
          </reporter-output>
        </test-method> <!-- UrlNavigate -->
        <test-method status="PASS" signature="Test11()[pri:0, instance:groundlabspac.QaAutomationTest@457e2f02]" name="Test11" duration-ms="938" started-at="2018-11-14T15:02:50Z" finished-at="2018-11-14T15:02:51Z">
          <reporter-output>
          </reporter-output>
        </test-method> <!-- Test11 -->
        <test-method status="PASS" signature="UrlNavigate()[pri:0, instance:groundlabspac.QaAutomationTest@457e2f02]" name="UrlNavigate" is-config="true" duration-ms="3011" started-at="2018-11-14T15:02:51Z" finished-at="2018-11-14T15:02:54Z">
          <reporter-output>
          </reporter-output>
        </test-method> <!-- UrlNavigate -->
        <test-method status="PASS" signature="Test12()[pri:0, instance:groundlabspac.QaAutomationTest@457e2f02]" name="Test12" duration-ms="1247" started-at="2018-11-14T15:02:54Z" finished-at="2018-11-14T15:02:55Z">
          <reporter-output>
          </reporter-output>
        </test-method> <!-- Test12 -->
        <test-method status="PASS" signature="UrlNavigate()[pri:0, instance:groundlabspac.QaAutomationTest@457e2f02]" name="UrlNavigate" is-config="true" duration-ms="3136" started-at="2018-11-14T15:02:55Z" finished-at="2018-11-14T15:02:58Z">
          <reporter-output>
          </reporter-output>
        </test-method> <!-- UrlNavigate -->
        <test-method status="PASS" signature="Test13()[pri:0, instance:groundlabspac.QaAutomationTest@457e2f02]" name="Test13" duration-ms="1657" started-at="2018-11-14T15:02:58Z" finished-at="2018-11-14T15:03:00Z">
          <reporter-output>
          </reporter-output>
        </test-method> <!-- Test13 -->
        <test-method status="PASS" signature="UrlNavigate()[pri:0, instance:groundlabspac.QaAutomationTest@457e2f02]" name="UrlNavigate" is-config="true" duration-ms="2854" started-at="2018-11-14T15:03:00Z" finished-at="2018-11-14T15:03:03Z">
          <reporter-output>
          </reporter-output>
        </test-method> <!-- UrlNavigate -->
        <test-method status="PASS" signature="Test14()[pri:0, instance:groundlabspac.QaAutomationTest@457e2f02]" name="Test14" duration-ms="1082" started-at="2018-11-14T15:03:03Z" finished-at="2018-11-14T15:03:04Z">
          <reporter-output>
          </reporter-output>
        </test-method> <!-- Test14 -->
        <test-method status="PASS" signature="UrlNavigate()[pri:0, instance:groundlabspac.QaAutomationTest@457e2f02]" name="UrlNavigate" is-config="true" duration-ms="2965" started-at="2018-11-14T15:03:04Z" finished-at="2018-11-14T15:03:07Z">
          <reporter-output>
          </reporter-output>
        </test-method> <!-- UrlNavigate -->
        <test-method status="PASS" signature="Test15()[pri:0, instance:groundlabspac.QaAutomationTest@457e2f02]" name="Test15" duration-ms="1350" started-at="2018-11-14T15:03:07Z" finished-at="2018-11-14T15:03:08Z">
          <reporter-output>
          </reporter-output>
        </test-method> <!-- Test15 -->
        <test-method status="PASS" signature="UrlNavigate()[pri:0, instance:groundlabspac.QaAutomationTest@457e2f02]" name="UrlNavigate" is-config="true" duration-ms="2774" started-at="2018-11-14T15:03:08Z" finished-at="2018-11-14T15:03:11Z">
          <reporter-output>
          </reporter-output>
        </test-method> <!-- UrlNavigate -->
        <test-method status="PASS" signature="Test16()[pri:0, instance:groundlabspac.QaAutomationTest@457e2f02]" name="Test16" duration-ms="1376" started-at="2018-11-14T15:03:11Z" finished-at="2018-11-14T15:03:12Z">
          <reporter-output>
          </reporter-output>
        </test-method> <!-- Test16 -->
        <test-method status="PASS" signature="UrlNavigate()[pri:0, instance:groundlabspac.QaAutomationTest@457e2f02]" name="UrlNavigate" is-config="true" duration-ms="2975" started-at="2018-11-14T15:03:12Z" finished-at="2018-11-14T15:03:15Z">
          <reporter-output>
          </reporter-output>
        </test-method> <!-- UrlNavigate -->
        <test-method status="PASS" signature="Test17()[pri:0, instance:groundlabspac.QaAutomationTest@457e2f02]" name="Test17" duration-ms="889" started-at="2018-11-14T15:03:15Z" finished-at="2018-11-14T15:03:16Z">
          <reporter-output>
          </reporter-output>
        </test-method> <!-- Test17 -->
        <test-method status="PASS" signature="UrlNavigate()[pri:0, instance:groundlabspac.QaAutomationTest@457e2f02]" name="UrlNavigate" is-config="true" duration-ms="3254" started-at="2018-11-14T15:03:16Z" finished-at="2018-11-14T15:03:19Z">
          <reporter-output>
          </reporter-output>
        </test-method> <!-- UrlNavigate -->
        <test-method status="PASS" signature="Test2()[pri:0, instance:groundlabspac.QaAutomationTest@457e2f02]" name="Test2" duration-ms="758" started-at="2018-11-14T15:03:19Z" finished-at="2018-11-14T15:03:20Z">
          <reporter-output>
          </reporter-output>
        </test-method> <!-- Test2 -->
        <test-method status="PASS" signature="UrlNavigate()[pri:0, instance:groundlabspac.QaAutomationTest@457e2f02]" name="UrlNavigate" is-config="true" duration-ms="2803" started-at="2018-11-14T15:03:20Z" finished-at="2018-11-14T15:03:23Z">
          <reporter-output>
          </reporter-output>
        </test-method> <!-- UrlNavigate -->
        <test-method status="PASS" signature="Test3()[pri:0, instance:groundlabspac.QaAutomationTest@457e2f02]" name="Test3" duration-ms="3629" started-at="2018-11-14T15:03:23Z" finished-at="2018-11-14T15:03:26Z">
          <reporter-output>
          </reporter-output>
        </test-method> <!-- Test3 -->
        <test-method status="PASS" signature="UrlNavigate()[pri:0, instance:groundlabspac.QaAutomationTest@457e2f02]" name="UrlNavigate" is-config="true" duration-ms="3112" started-at="2018-11-14T15:03:26Z" finished-at="2018-11-14T15:03:30Z">
          <reporter-output>
          </reporter-output>
        </test-method> <!-- UrlNavigate -->
        <test-method status="FAIL" signature="Test4()[pri:0, instance:groundlabspac.QaAutomationTest@457e2f02]" name="Test4" duration-ms="383" started-at="2018-11-14T15:03:30Z" finished-at="2018-11-14T15:03:30Z">
          <exception class="org.openqa.selenium.WebDriverException">
            <message>
              <![CDATA[unknown error: cannot focus element
  (Session info: chrome=70.0.3538.77)
  (Driver info: chromedriver=2.43.600210 (68dcf5eebde37173d4027fa8635e332711d2874a),platform=Windows NT 6.1.7601 SP1 x86_64) (WARNING: The server did not provide any stacktrace information)
Command duration or timeout: 0 milliseconds
Build info: version: '3.14.0', revision: 'aacccce0', time: '2018-08-02T20:05:20.749Z'
System info: host: 'UDANI-PC', ip: '192.168.1.139', os.name: 'Windows 7', os.arch: 'amd64', os.version: '6.1', java.version: '1.8.0_191'
Driver info: org.openqa.selenium.chrome.ChromeDriver
Capabilities {acceptInsecureCerts: false, acceptSslCerts: false, applicationCacheEnabled: false, browserConnectionEnabled: false, browserName: chrome, chrome: {chromedriverVersion: 2.43.600210 (68dcf5eebde371..., userDataDir: C:\Users\Udani\AppData\Loca...}, cssSelectorsEnabled: true, databaseEnabled: false, goog:chromeOptions: {debuggerAddress: localhost:63568}, handlesAlerts: true, hasTouchScreen: false, javascriptEnabled: true, locationContextEnabled: true, mobileEmulationEnabled: false, nativeEvents: true, networkConnectionEnabled: false, pageLoadStrategy: normal, platform: XP, platformName: XP, rotatable: false, setWindowRect: true, takesHeapSnapshot: true, takesScreenshot: true, unexpectedAlertBehaviour: , unhandledPromptBehavior: , version: 70.0.3538.77, webStorageEnabled: true}
Session ID: 4820ee1e49c566a7ad5483af44a1ae5a]]>
            </message>
            <full-stacktrace>
              <![CDATA[org.openqa.selenium.WebDriverException: unknown error: cannot focus element
  (Session info: chrome=70.0.3538.77)
  (Driver info: chromedriver=2.43.600210 (68dcf5eebde37173d4027fa8635e332711d2874a),platform=Windows NT 6.1.7601 SP1 x86_64) (WARNING: The server did not provide any stacktrace information)
Command duration or timeout: 0 milliseconds
Build info: version: '3.14.0', revision: 'aacccce0', time: '2018-08-02T20:05:20.749Z'
System info: host: 'UDANI-PC', ip: '192.168.1.139', os.name: 'Windows 7', os.arch: 'amd64', os.version: '6.1', java.version: '1.8.0_191'
Driver info: org.openqa.selenium.chrome.ChromeDriver
Capabilities {acceptInsecureCerts: false, acceptSslCerts: false, applicationCacheEnabled: false, browserConnectionEnabled: false, browserName: chrome, chrome: {chromedriverVersion: 2.43.600210 (68dcf5eebde371..., userDataDir: C:\Users\Udani\AppData\Loca...}, cssSelectorsEnabled: true, databaseEnabled: false, goog:chromeOptions: {debuggerAddress: localhost:63568}, handlesAlerts: true, hasTouchScreen: false, javascriptEnabled: true, locationContextEnabled: true, mobileEmulationEnabled: false, nativeEvents: true, networkConnectionEnabled: false, pageLoadStrategy: normal, platform: XP, platformName: XP, rotatable: false, setWindowRect: true, takesHeapSnapshot: true, takesScreenshot: true, unexpectedAlertBehaviour: , unhandledPromptBehavior: , version: 70.0.3538.77, webStorageEnabled: true}
Session ID: 4820ee1e49c566a7ad5483af44a1ae5a
at sun.reflect.NativeConstructorAccessorImpl.newInstance0(Native Method)
at sun.reflect.NativeConstructorAccessorImpl.newInstance(Unknown Source)
at sun.reflect.DelegatingConstructorAccessorImpl.newInstance(Unknown Source)
at java.lang.reflect.Constructor.newInstance(Unknown Source)
at org.openqa.selenium.remote.ErrorHandler.createThrowable(ErrorHandler.java:214)
at org.openqa.selenium.remote.ErrorHandler.throwIfResponseFailed(ErrorHandler.java:166)
at org.openqa.selenium.remote.http.JsonHttpResponseCodec.reconstructValue(JsonHttpResponseCodec.java:40)
at org.openqa.selenium.remote.http.AbstractHttpResponseCodec.decode(AbstractHttpResponseCodec.java:80)
at org.openqa.selenium.remote.http.AbstractHttpResponseCodec.decode(AbstractHttpResponseCodec.java:44)
at org.openqa.selenium.remote.HttpCommandExecutor.execute(HttpCommandExecutor.java:158)
at org.openqa.selenium.remote.service.DriverCommandExecutor.execute(DriverCommandExecutor.java:83)
at org.openqa.selenium.remote.RemoteWebDriver.execute(RemoteWebDriver.java:548)
at org.openqa.selenium.remote.RemoteWebElement.execute(RemoteWebElement.java:276)
at org.openqa.selenium.remote.RemoteWebElement.sendKeys(RemoteWebElement.java:100)
at groundlabspac.QaAutomationTest.Test4(QaAutomationTest.java:357)
at sun.reflect.NativeMethodAccessorImpl.invoke0(Native Method)
at sun.reflect.NativeMethodAccessorImpl.invoke(Unknown Source)
at sun.reflect.DelegatingMethodAccessorImpl.invoke(Unknown Source)
at java.lang.reflect.Method.invoke(Unknown Source)
at org.testng.internal.MethodInvocationHelper.invokeMethod(MethodInvocationHelper.java:124)
at org.testng.internal.Invoker.invokeMethod(Invoker.java:580)
at org.testng.internal.Invoker.invokeTestMethod(Invoker.java:716)
at org.testng.internal.Invoker.invokeTestMethods(Invoker.java:988)
at org.testng.internal.TestMethodWorker.invokeTestMethods(TestMethodWorker.java:125)
at org.testng.internal.TestMethodWorker.run(TestMethodWorker.java:109)
at org.testng.TestRunner.privateRun(TestRunner.java:648)
at org.testng.TestRunner.run(TestRunner.java:505)
at org.testng.SuiteRunner.runTest(SuiteRunner.java:455)
at org.testng.SuiteRunner.runSequentially(SuiteRunner.java:450)
at org.testng.SuiteRunner.privateRun(SuiteRunner.java:415)
at org.testng.SuiteRunner.run(SuiteRunner.java:364)
at org.testng.SuiteRunnerWorker.runSuite(SuiteRunnerWorker.java:52)
at org.testng.SuiteRunnerWorker.run(SuiteRunnerWorker.java:84)
at org.testng.TestNG.runSuitesSequentially(TestNG.java:1208)
at org.testng.TestNG.runSuitesLocally(TestNG.java:1137)
at org.testng.TestNG.runSuites(TestNG.java:1049)
at org.testng.TestNG.run(TestNG.java:1017)
at org.testng.remote.AbstractRemoteTestNG.run(AbstractRemoteTestNG.java:114)
at org.testng.remote.RemoteTestNG.initAndRun(RemoteTestNG.java:251)
at org.testng.remote.RemoteTestNG.main(RemoteTestNG.java:77)
]]>
            </full-stacktrace>
          </exception> <!-- org.openqa.selenium.WebDriverException -->
          <reporter-output>
          </reporter-output>
        </test-method> <!-- Test4 -->
        <test-method status="PASS" signature="UrlNavigate()[pri:0, instance:groundlabspac.QaAutomationTest@457e2f02]" name="UrlNavigate" is-config="true" duration-ms="2927" started-at="2018-11-14T15:03:30Z" finished-at="2018-11-14T15:03:33Z">
          <reporter-output>
          </reporter-output>
        </test-method> <!-- UrlNavigate -->
        <test-method status="PASS" signature="Test5()[pri:0, instance:groundlabspac.QaAutomationTest@457e2f02]" name="Test5" duration-ms="4168" started-at="2018-11-14T15:03:33Z" finished-at="2018-11-14T15:03:37Z">
          <reporter-output>
          </reporter-output>
        </test-method> <!-- Test5 -->
        <test-method status="PASS" signature="UrlNavigate()[pri:0, instance:groundlabspac.QaAutomationTest@457e2f02]" name="UrlNavigate" is-config="true" duration-ms="3133" started-at="2018-11-14T15:03:37Z" finished-at="2018-11-14T15:03:40Z">
          <reporter-output>
          </reporter-output>
        </test-method> <!-- UrlNavigate -->
        <test-method status="PASS" signature="Test6(java.lang.String, java.lang.String, java.lang.String)[pri:0, instance:groundlabspac.QaAutomationTest@457e2f02]" name="Test6" duration-ms="531" started-at="2018-11-14T15:03:40Z" data-provider="dataProvider" finished-at="2018-11-14T15:03:41Z">
          <params>
            <param index="0">
              <value>
                <![CDATA[]]>
              </value>
            </param>
            <param index="1">
              <value>
                <![CDATA[]]>
              </value>
            </param>
            <param index="2">
              <value>
                <![CDATA[Invalid Username]]>
              </value>
            </param>
          </params>
          <reporter-output>
          </reporter-output>
        </test-method> <!-- Test6 -->
        <test-method status="PASS" signature="UrlNavigate()[pri:0, instance:groundlabspac.QaAutomationTest@457e2f02]" name="UrlNavigate" is-config="true" duration-ms="3133" started-at="2018-11-14T15:03:41Z" finished-at="2018-11-14T15:03:44Z">
          <reporter-output>
          </reporter-output>
        </test-method> <!-- UrlNavigate -->
        <test-method status="PASS" signature="Test6(java.lang.String, java.lang.String, java.lang.String)[pri:0, instance:groundlabspac.QaAutomationTest@457e2f02]" name="Test6" duration-ms="464" started-at="2018-11-14T15:03:44Z" data-provider="dataProvider" finished-at="2018-11-14T15:03:44Z">
          <params>
            <param index="0">
              <value>
                <![CDATA[udanisoo]]>
              </value>
            </param>
            <param index="1">
              <value>
                <![CDATA[]]>
              </value>
            </param>
            <param index="2">
              <value>
                <![CDATA[Invalid Password]]>
              </value>
            </param>
          </params>
          <reporter-output>
          </reporter-output>
        </test-method> <!-- Test6 -->
        <test-method status="PASS" signature="UrlNavigate()[pri:0, instance:groundlabspac.QaAutomationTest@457e2f02]" name="UrlNavigate" is-config="true" duration-ms="2826" started-at="2018-11-14T15:03:44Z" finished-at="2018-11-14T15:03:47Z">
          <reporter-output>
          </reporter-output>
        </test-method> <!-- UrlNavigate -->
        <test-method status="PASS" signature="Test6(java.lang.String, java.lang.String, java.lang.String)[pri:0, instance:groundlabspac.QaAutomationTest@457e2f02]" name="Test6" duration-ms="482" started-at="2018-11-14T15:03:47Z" data-provider="dataProvider" finished-at="2018-11-14T15:03:48Z">
          <params>
            <param index="0">
              <value>
                <![CDATA[]]>
              </value>
            </param>
            <param index="1">
              <value>
                <![CDATA[udani123]]>
              </value>
            </param>
            <param index="2">
              <value>
                <![CDATA[Invalid Username]]>
              </value>
            </param>
          </params>
          <reporter-output>
          </reporter-output>
        </test-method> <!-- Test6 -->
        <test-method status="PASS" signature="UrlNavigate()[pri:0, instance:groundlabspac.QaAutomationTest@457e2f02]" name="UrlNavigate" is-config="true" duration-ms="2970" started-at="2018-11-14T15:03:48Z" finished-at="2018-11-14T15:03:51Z">
          <reporter-output>
          </reporter-output>
        </test-method> <!-- UrlNavigate -->
        <test-method status="PASS" signature="Test7()[pri:0, instance:groundlabspac.QaAutomationTest@457e2f02]" name="Test7" duration-ms="821" started-at="2018-11-14T15:03:51Z" finished-at="2018-11-14T15:03:51Z">
          <reporter-output>
          </reporter-output>
        </test-method> <!-- Test7 -->
        <test-method status="PASS" signature="UrlNavigate()[pri:0, instance:groundlabspac.QaAutomationTest@457e2f02]" name="UrlNavigate" is-config="true" duration-ms="2949" started-at="2018-11-14T15:03:51Z" finished-at="2018-11-14T15:03:54Z">
          <reporter-output>
          </reporter-output>
        </test-method> <!-- UrlNavigate -->
        <test-method status="PASS" signature="Test8()[pri:0, instance:groundlabspac.QaAutomationTest@457e2f02]" name="Test8" duration-ms="1186" started-at="2018-11-14T15:03:54Z" finished-at="2018-11-14T15:03:56Z">
          <reporter-output>
          </reporter-output>
        </test-method> <!-- Test8 -->
        <test-method status="PASS" signature="UrlNavigate()[pri:0, instance:groundlabspac.QaAutomationTest@457e2f02]" name="UrlNavigate" is-config="true" duration-ms="3185" started-at="2018-11-14T15:03:56Z" finished-at="2018-11-14T15:03:59Z">
          <reporter-output>
          </reporter-output>
        </test-method> <!-- UrlNavigate -->
        <test-method status="PASS" signature="Test9()[pri:0, instance:groundlabspac.QaAutomationTest@457e2f02]" name="Test9" duration-ms="3550" started-at="2018-11-14T15:03:59Z" finished-at="2018-11-14T15:04:02Z">
          <reporter-output>
          </reporter-output>
        </test-method> <!-- Test9 -->
      </class> <!-- groundlabspac.QaAutomationTest -->
    </test> <!-- Test -->
  </suite> <!-- Suite -->
</testng-results>
